<?xml version="1.0" encoding="UTF-8"?>
<!-- Generated by org.testng.reporters.JUnitXMLReporter -->
<testsuite hostname="DESKTOP-73S007T" name="Test" tests="2" failures="1" timestamp="17 Mar 2022 05:52:57 GMT" time="120.222" errors="0">
  <testcase name="createProductWithQtyTest" time="0.207" classname="com.crm.ProductTests.CreateProductWithQtyTest">
    <failure type="java.lang.AssertionError" message="null">
      <![CDATA[java.lang.AssertionError: null
	at com.crm.ProductTests.CreateProductWithQtyTest.createProductWithQtyTest(CreateProductWithQtyTest.java:20)
... Removed 27 stack frames]]>
    </failure>
  </testcase> <!-- createProductWithQtyTest -->
  <testcase name="createProductWithQtyTest" time="28.35" classname="com.crm.ProductTests.CreateProductWithQtyUnitTest"/>
</testsuite> <!-- Test -->
