<?xml version="1.0" encoding="UTF-8"?>
<testng-results skipped="0" failed="1" total="2" passed="1">
  <reporter-output>
    <line>
      <![CDATA[DataBase Connected]]>
    </line>
    <line>
      <![CDATA[Browser Launch Sucessful]]>
    </line>
    <line>
      <![CDATA[Login Sucessful]]>
    </line>
    <line>
      <![CDATA[Logout Sucessful]]>
    </line>
    <line>
      <![CDATA[Browser Closed Sucessful]]>
    </line>
    <line>
      <![CDATA[Browser Launch Sucessful]]>
    </line>
    <line>
      <![CDATA[Login Sucessful]]>
    </line>
    <line>
      <![CDATA[Logout Sucessful]]>
    </line>
    <line>
      <![CDATA[Browser Closed Sucessful]]>
    </line>
    <line>
      <![CDATA[DB Close Sucessful]]>
    </line>
  </reporter-output>
  <suite name="Suite" duration-ms="120222" started-at="2022-03-17T05:50:55Z" finished-at="2022-03-17T05:52:56Z">
    <groups>
    </groups>
    <test name="Test" duration-ms="120222" started-at="2022-03-17T05:50:55Z" finished-at="2022-03-17T05:52:56Z">
      <class name="com.crm.ProductTests.CreateProductWithQtyUnitTest">
        <test-method status="PASS" signature="launchTheBrowser()[pri:0, instance:com.crm.ProductTests.CreateProductWithQtyUnitTest@53b32d7]" name="launchTheBrowser" is-config="true" duration-ms="9237" started-at="2022-03-17T11:22:10Z" finished-at="2022-03-17T11:22:19Z">
          <reporter-output>
            <line>
              <![CDATA[Browser Launch Sucessful]]>
            </line>
          </reporter-output>
        </test-method> <!-- launchTheBrowser -->
        <test-method status="PASS" signature="login()[pri:0, instance:com.crm.ProductTests.CreateProductWithQtyUnitTest@53b32d7]" name="login" is-config="true" duration-ms="3151" started-at="2022-03-17T11:22:19Z" finished-at="2022-03-17T11:22:22Z">
          <reporter-output>
            <line>
              <![CDATA[Login Sucessful]]>
            </line>
          </reporter-output>
        </test-method> <!-- login -->
        <test-method status="PASS" signature="createProductWithQtyTest()[pri:0, instance:com.crm.ProductTests.CreateProductWithQtyUnitTest@53b32d7]" name="createProductWithQtyTest" duration-ms="28350" started-at="2022-03-17T11:22:22Z" finished-at="2022-03-17T11:22:51Z">
          <reporter-output>
          </reporter-output>
        </test-method> <!-- createProductWithQtyTest -->
        <test-method status="PASS" signature="logout()[pri:0, instance:com.crm.ProductTests.CreateProductWithQtyUnitTest@53b32d7]" name="logout" is-config="true" duration-ms="4040" started-at="2022-03-17T11:22:51Z" finished-at="2022-03-17T11:22:55Z">
          <reporter-output>
            <line>
              <![CDATA[Logout Sucessful]]>
            </line>
          </reporter-output>
        </test-method> <!-- logout -->
        <test-method status="PASS" signature="closeBrowser()[pri:0, instance:com.crm.ProductTests.CreateProductWithQtyUnitTest@53b32d7]" name="closeBrowser" is-config="true" duration-ms="860" started-at="2022-03-17T11:22:55Z" finished-at="2022-03-17T11:22:56Z">
          <reporter-output>
            <line>
              <![CDATA[Browser Closed Sucessful]]>
            </line>
          </reporter-output>
        </test-method> <!-- closeBrowser -->
      </class> <!-- com.crm.ProductTests.CreateProductWithQtyUnitTest -->
      <class name="com.crm.ProductTests.CreateProductWithQtyTest">
        <test-method status="PASS" signature="launchTheDB()[pri:0, instance:com.crm.ProductTests.CreateProductWithQtyTest@343f4d3d]" name="launchTheDB" is-config="true" duration-ms="62" started-at="2022-03-17T11:20:55Z" finished-at="2022-03-17T11:20:55Z">
          <reporter-output>
            <line>
              <![CDATA[DataBase Connected]]>
            </line>
          </reporter-output>
        </test-method> <!-- launchTheDB -->
        <test-method status="PASS" signature="launchTheBrowser()[pri:0, instance:com.crm.ProductTests.CreateProductWithQtyTest@343f4d3d]" name="launchTheBrowser" is-config="true" duration-ms="35764" started-at="2022-03-17T11:20:57Z" finished-at="2022-03-17T11:21:33Z">
          <reporter-output>
            <line>
              <![CDATA[Browser Launch Sucessful]]>
            </line>
          </reporter-output>
        </test-method> <!-- launchTheBrowser -->
        <test-method status="PASS" signature="login()[pri:0, instance:com.crm.ProductTests.CreateProductWithQtyTest@343f4d3d]" name="login" is-config="true" duration-ms="22583" started-at="2022-03-17T11:21:33Z" finished-at="2022-03-17T11:21:56Z">
          <reporter-output>
            <line>
              <![CDATA[Login Sucessful]]>
            </line>
          </reporter-output>
        </test-method> <!-- login -->
        <test-method status="FAIL" signature="createProductWithQtyTest()[pri:0, instance:com.crm.ProductTests.CreateProductWithQtyTest@343f4d3d]" name="createProductWithQtyTest" duration-ms="207" started-at="2022-03-17T11:21:56Z" finished-at="2022-03-17T11:21:56Z">
          <exception class="java.lang.AssertionError">
            <message>
              <![CDATA[null]]>
            </message>
            <full-stacktrace>
              <![CDATA[java.lang.AssertionError: null
	at org.testng.Assert.fail(Assert.java:94)
	at org.testng.Assert.fail(Assert.java:101)
	at com.crm.ProductTests.CreateProductWithQtyTest.createProductWithQtyTest(CreateProductWithQtyTest.java:20)
	at sun.reflect.NativeMethodAccessorImpl.invoke0(Native Method)
	at sun.reflect.NativeMethodAccessorImpl.invoke(Unknown Source)
	at sun.reflect.DelegatingMethodAccessorImpl.invoke(Unknown Source)
	at java.lang.reflect.Method.invoke(Unknown Source)
	at org.testng.internal.MethodInvocationHelper.invokeMethod(MethodInvocationHelper.java:100)
	at org.testng.internal.Invoker.invokeMethod(Invoker.java:646)
	at org.testng.internal.Invoker.invokeTestMethod(Invoker.java:811)
	at org.testng.internal.Invoker.invokeTestMethods(Invoker.java:1129)
	at org.testng.internal.TestMethodWorker.invokeTestMethods(TestMethodWorker.java:129)
	at org.testng.internal.TestMethodWorker.run(TestMethodWorker.java:112)
	at org.testng.TestRunner.privateRun(TestRunner.java:746)
	at org.testng.TestRunner.run(TestRunner.java:600)
	at org.testng.SuiteRunner.runTest(SuiteRunner.java:366)
	at org.testng.SuiteRunner.runSequentially(SuiteRunner.java:361)
	at org.testng.SuiteRunner.privateRun(SuiteRunner.java:319)
	at org.testng.SuiteRunner.run(SuiteRunner.java:268)
	at org.testng.SuiteRunnerWorker.runSuite(SuiteRunnerWorker.java:52)
	at org.testng.SuiteRunnerWorker.run(SuiteRunnerWorker.java:86)
	at org.testng.TestNG.runSuitesSequentially(TestNG.java:1264)
	at org.testng.TestNG.runSuitesLocally(TestNG.java:1189)
	at org.testng.TestNG.runSuites(TestNG.java:1104)
	at org.testng.TestNG.run(TestNG.java:1076)
	at org.testng.remote.AbstractRemoteTestNG.run(AbstractRemoteTestNG.java:126)
	at org.testng.remote.RemoteTestNG.initAndRun(RemoteTestNG.java:152)
	at org.testng.remote.RemoteTestNG.main(RemoteTestNG.java:57)
]]>
            </full-stacktrace>
          </exception> <!-- java.lang.AssertionError -->
          <reporter-output>
          </reporter-output>
        </test-method> <!-- createProductWithQtyTest -->
        <test-method status="PASS" signature="logout()[pri:0, instance:com.crm.ProductTests.CreateProductWithQtyTest@343f4d3d]" name="logout" is-config="true" duration-ms="12210" started-at="2022-03-17T11:21:57Z" finished-at="2022-03-17T11:22:09Z">
          <reporter-output>
            <line>
              <![CDATA[Logout Sucessful]]>
            </line>
          </reporter-output>
        </test-method> <!-- logout -->
        <test-method status="PASS" signature="closeBrowser()[pri:0, instance:com.crm.ProductTests.CreateProductWithQtyTest@343f4d3d]" name="closeBrowser" is-config="true" duration-ms="843" started-at="2022-03-17T11:22:09Z" finished-at="2022-03-17T11:22:10Z">
          <reporter-output>
            <line>
              <![CDATA[Browser Closed Sucessful]]>
            </line>
          </reporter-output>
        </test-method> <!-- closeBrowser -->
        <test-method status="PASS" signature="closeDB()[pri:0, instance:com.crm.ProductTests.CreateProductWithQtyTest@343f4d3d]" name="closeDB" is-config="true" duration-ms="0" started-at="2022-03-17T11:22:57Z" finished-at="2022-03-17T11:22:57Z">
          <reporter-output>
            <line>
              <![CDATA[DB Close Sucessful]]>
            </line>
          </reporter-output>
        </test-method> <!-- closeDB -->
      </class> <!-- com.crm.ProductTests.CreateProductWithQtyTest -->
    </test> <!-- Test -->
  </suite> <!-- Suite -->
</testng-results>
