<?xml version="1.0" encoding="UTF-8"?>
<!-- Generated by org.testng.reporters.JUnitReportReporter -->
<testsuite hostname="DESKTOP-73S007T" name="com.crm.ProductTests.CreateProductandSearchByProductNameTest" tests="1" failures="0" timestamp="3 Mar 2022 11:44:34 GMT" time="0.000" errors="1">
  <testcase name="createProductWithQtyUnitTest" time="0.000" classname="com.crm.ProductTests.CreateProductandSearchByProductNameTest">
    <error type="org.openqa.selenium.SessionNotCreatedException" message="session not created: This version of ChromeDriver only supports Chrome version 99
Current browser version is 98.0.4758.102 with binary path C:\Program Files\Google\Chrome\Application\chrome.exe
Build info: version: &#039;3.141.59&#039;, revision: &#039;e82be7d358&#039;, time: &#039;2018-11-14T08:17:03&#039;
System info: host: &#039;DESKTOP-73S007T&#039;, ip: &#039;192.168.108.161&#039;, os.name: &#039;Windows 10&#039;, os.arch: &#039;amd64&#039;, os.version: &#039;10.0&#039;, java.version: &#039;1.8.0_291&#039;
Driver info: driver.version: ChromeDriver
remote stacktrace: Backtrace:
	Ordinal0 [0x00AC9943+2595139]
	Ordinal0 [0x00A5C9F1+2148849]
	Ordinal0 [0x00954528+1066280]
	Ordinal0 [0x009742C3+1196739]
	Ordinal0 [0x0096FE37+1179191]
	Ordinal0 [0x0096D6F1+1169137]
	Ordinal0 [0x009A0530+1377584]
	Ordinal0 [0x009A018A+1376650]
	Ordinal0 [0x0099B806+1357830]
	Ordinal0 [0x00976086+1204358]
	Ordinal0 [0x00976F96+1208214]
	GetHandleVerifier [0x00C6B232+1658114]
	GetHandleVerifier [0x00D2312C+2411516]
	GetHandleVerifier [0x00B5F261+560433]
	GetHandleVerifier [0x00B5E366+556598]
	Ordinal0 [0x00A6286B+2173035]
	Ordinal0 [0x00A675F8+2192888]
	Ordinal0 [0x00A676E5+2193125]
	Ordinal0 [0x00A711FC+2232828]
	BaseThreadInitThunk [0x75F1FA29+25]
	RtlGetAppContainerNamedObjectPath [0x77BC7A9E+286]
	RtlGetAppContainerNamedObjectPath [0x77BC7A6E+238]
">
      <![CDATA[org.openqa.selenium.SessionNotCreatedException: session not created: This version of ChromeDriver only supports Chrome version 99
Current browser version is 98.0.4758.102 with binary path C:\Program Files\Google\Chrome\Application\chrome.exe
Build info: version: '3.141.59', revision: 'e82be7d358', time: '2018-11-14T08:17:03'
System info: host: 'DESKTOP-73S007T', ip: '192.168.108.161', os.name: 'Windows 10', os.arch: 'amd64', os.version: '10.0', java.version: '1.8.0_291'
Driver info: driver.version: ChromeDriver
remote stacktrace: Backtrace:
	Ordinal0 [0x00AC9943+2595139]
	Ordinal0 [0x00A5C9F1+2148849]
	Ordinal0 [0x00954528+1066280]
	Ordinal0 [0x009742C3+1196739]
	Ordinal0 [0x0096FE37+1179191]
	Ordinal0 [0x0096D6F1+1169137]
	Ordinal0 [0x009A0530+1377584]
	Ordinal0 [0x009A018A+1376650]
	Ordinal0 [0x0099B806+1357830]
	Ordinal0 [0x00976086+1204358]
	Ordinal0 [0x00976F96+1208214]
	GetHandleVerifier [0x00C6B232+1658114]
	GetHandleVerifier [0x00D2312C+2411516]
	GetHandleVerifier [0x00B5F261+560433]
	GetHandleVerifier [0x00B5E366+556598]
	Ordinal0 [0x00A6286B+2173035]
	Ordinal0 [0x00A675F8+2192888]
	Ordinal0 [0x00A676E5+2193125]
	Ordinal0 [0x00A711FC+2232828]
	BaseThreadInitThunk [0x75F1FA29+25]
	RtlGetAppContainerNamedObjectPath [0x77BC7A9E+286]
	RtlGetAppContainerNamedObjectPath [0x77BC7A6E+238]

	at sun.reflect.NativeConstructorAccessorImpl.newInstance0(Native Method)
	at sun.reflect.NativeConstructorAccessorImpl.newInstance(Unknown Source)
	at sun.reflect.DelegatingConstructorAccessorImpl.newInstance(Unknown Source)
	at java.lang.reflect.Constructor.newInstance(Unknown Source)
	at org.openqa.selenium.remote.W3CHandshakeResponse.lambda$errorHandler$0(W3CHandshakeResponse.java:62)
	at org.openqa.selenium.remote.HandshakeResponse.lambda$getResponseFunction$0(HandshakeResponse.java:30)
	at org.openqa.selenium.remote.ProtocolHandshake.lambda$createSession$0(ProtocolHandshake.java:126)
	at java.util.stream.ReferencePipeline$3$1.accept(Unknown Source)
	at java.util.Spliterators$ArraySpliterator.tryAdvance(Unknown Source)
	at java.util.stream.ReferencePipeline.forEachWithCancel(Unknown Source)
	at java.util.stream.AbstractPipeline.copyIntoWithCancel(Unknown Source)
	at java.util.stream.AbstractPipeline.copyInto(Unknown Source)
	at java.util.stream.AbstractPipeline.wrapAndCopyInto(Unknown Source)
	at java.util.stream.FindOps$FindOp.evaluateSequential(Unknown Source)
	at java.util.stream.AbstractPipeline.evaluate(Unknown Source)
	at java.util.stream.ReferencePipeline.findFirst(Unknown Source)
	at org.openqa.selenium.remote.ProtocolHandshake.createSession(ProtocolHandshake.java:128)
	at org.openqa.selenium.remote.ProtocolHandshake.createSession(ProtocolHandshake.java:74)
	at org.openqa.selenium.remote.HttpCommandExecutor.execute(HttpCommandExecutor.java:136)
	at org.openqa.selenium.remote.service.DriverCommandExecutor.execute(DriverCommandExecutor.java:83)
	at org.openqa.selenium.remote.RemoteWebDriver.execute(RemoteWebDriver.java:552)
	at org.openqa.selenium.remote.RemoteWebDriver.startSession(RemoteWebDriver.java:213)
	at org.openqa.selenium.remote.RemoteWebDriver.<init>(RemoteWebDriver.java:131)
	at org.openqa.selenium.chrome.ChromeDriver.<init>(ChromeDriver.java:181)
	at org.openqa.selenium.chrome.ChromeDriver.<init>(ChromeDriver.java:168)
	at org.openqa.selenium.chrome.ChromeDriver.<init>(ChromeDriver.java:123)
	at com.crm.GenericLibrary.BaseClass.launchTheBrowser(BaseClass.java:50)
	at sun.reflect.NativeMethodAccessorImpl.invoke0(Native Method)
	at sun.reflect.NativeMethodAccessorImpl.invoke(Unknown Source)
	at sun.reflect.DelegatingMethodAccessorImpl.invoke(Unknown Source)
	at java.lang.reflect.Method.invoke(Unknown Source)
	at org.testng.internal.MethodInvocationHelper.invokeMethod(MethodInvocationHelper.java:100)
	at org.testng.internal.Invoker.invokeConfigurationMethod(Invoker.java:515)
	at org.testng.internal.Invoker.invokeConfigurations(Invoker.java:216)
	at org.testng.internal.Invoker.invokeConfigurations(Invoker.java:143)
	at org.testng.internal.TestMethodWorker.invokeBeforeClassMethods(TestMethodWorker.java:169)
	at org.testng.internal.TestMethodWorker.run(TestMethodWorker.java:108)
	at org.testng.TestRunner.privateRun(TestRunner.java:746)
	at org.testng.TestRunner.run(TestRunner.java:600)
	at org.testng.SuiteRunner.runTest(SuiteRunner.java:366)
	at org.testng.SuiteRunner.runSequentially(SuiteRunner.java:361)
	at org.testng.SuiteRunner.privateRun(SuiteRunner.java:319)
	at org.testng.SuiteRunner.run(SuiteRunner.java:268)
	at org.testng.SuiteRunnerWorker.runSuite(SuiteRunnerWorker.java:52)
	at org.testng.SuiteRunnerWorker.run(SuiteRunnerWorker.java:86)
	at org.testng.TestNG.runSuitesSequentially(TestNG.java:1264)
	at org.testng.TestNG.runSuitesLocally(TestNG.java:1189)
	at org.testng.TestNG.runSuites(TestNG.java:1104)
	at org.testng.TestNG.run(TestNG.java:1076)
	at org.testng.remote.AbstractRemoteTestNG.run(AbstractRemoteTestNG.java:126)
	at org.testng.remote.RemoteTestNG.initAndRun(RemoteTestNG.java:152)
	at org.testng.remote.RemoteTestNG.main(RemoteTestNG.java:57)
]]>
    </error>
  </testcase> <!-- createProductWithQtyUnitTest -->
</testsuite> <!-- com.crm.ProductTests.CreateProductandSearchByProductNameTest -->
